
> carbon-enterprise-system@0.0.1 build C:\Users\YEBOAH DICKSON OSEI\Desktop\Work\inventory-management-system\carbon-enterprise-system
> next build

▲ Next.js 16.1.7 (Turbopack)
- Environments: .env

  Creating an optimized production build ...
✓ Compiled successfully in 52s
  Running TypeScript ...
  Collecting page data using 7 workers ...
  Generating static pages using 7 workers (0/15) ...
  Generating static pages using 7 workers (3/15) 
  Generating static pages using 7 workers (7/15) 
  Generating static pages using 7 workers (11/15) 
✓ Generating static pages using 7 workers (15/15) in 23.7s
  Finalizing page optimization ...

Route (app)
┌ ○ /
├ ○ /_not-found
├ ○ /forgot-password
├ ○ /login
├ ○ /onboarding
├ ○ /onboarding/step-1
├ ○ /onboarding/step-2
├ ○ /onboarding/step-3
├ ○ /onboarding/step-4
├ ○ /reset-password
├ ○ /robots.txt
├ ○ /sitemap.xml
└ ○ /verify-otp


○  (Static)  prerendered as static content

